<?xml version="1.0" encoding="UTF-8"?>
<!-- Generated by org.testng.reporters.JUnitReportReporter -->
<testsuite skipped="0" hostname="LEON-LT-180226B" name="TestNg.TestNg" tests="1" failures="0" timestamp="2020-03-03T18:25:56 CST" time="6.494" errors="0">
  <testcase name="VerifyApplePage" time="6.494" classname="TestNg.TestNg"/>
  <system-out/>
</testsuite> <!-- TestNg.TestNg -->
